<?xml version="1.0" encoding="UTF-8"?>
<!-- Generated by org.testng.reporters.JUnitReportReporter -->
<testsuite hostname="Dee-PC" name="com.packt.tests.FirstTest" tests="1" failures="0" timestamp="13 Mar 2018 20:18:20 GMT" time="9.106" errors="0">
  <testcase name="firstTest" time="9.106" classname="com.packt.tests.FirstTest"/>
</testsuite> <!-- com.packt.tests.FirstTest -->
