<?xml version="1.0" encoding="UTF-8"?>
<!-- Generated by org.testng.reporters.JUnitReportReporter -->
<testsuite hostname="Dee-PC" name="com.packt.tests.FirstTest" tests="2" failures="0" timestamp="5 Mar 2018 20:53:34 GMT" time="11.368" errors="0">
  <testcase name="negativeLogInTest" time="5.753" classname="com.packt.tests.FirstTest"/>
  <testcase name="negativeLogInTest" time="5.615" classname="com.packt.tests.FirstTest"/>
</testsuite> <!-- com.packt.tests.FirstTest -->
