<?xml version="1.0" encoding="UTF-8"?>
<!-- Generated by org.testng.reporters.JUnitReportReporter -->
<testsuite skipped="0" hostname="Dee-PC" name="com.packt.tests.Troubleshooting" tests="4" failures="0" timestamp="03 Mar 2018 16:16:05 GMT" time="41.914" errors="0">
  <testcase name="waitTest" time="10.491" classname="com.packt.tests.Troubleshooting"/>
  <testcase name="otherTest" time="14.983" classname="com.packt.tests.Troubleshooting"/>
  <testcase name="visibilityTest" time="10.354" classname="com.packt.tests.Troubleshooting"/>
  <testcase name="staleElementTest" time="6.086" classname="com.packt.tests.Troubleshooting"/>
</testsuite> <!-- com.packt.tests.Troubleshooting -->
