<?xml version="1.0" encoding="UTF-8"?>
<!-- Generated by org.testng.reporters.JUnitReportReporter -->
<testsuite hostname="Dee-PC" name="com.packt.tests.FirstTest" tests="3" failures="0" timestamp="22 Mar 2018 20:11:22 GMT" time="15.850" errors="0">
  <testcase name="negativeLogInTest" time="5.219" classname="com.packt.tests.FirstTest"/>
  <testcase name="firstTest" time="5.031" classname="com.packt.tests.FirstTest"/>
  <testcase name="negativeLogInTest" time="5.600" classname="com.packt.tests.FirstTest"/>
</testsuite> <!-- com.packt.tests.FirstTest -->
