<?xml version="1.0" encoding="UTF-8"?>
<!-- Generated by org.testng.reporters.JUnitReportReporter -->
<testsuite skipped="0" hostname="Dee-PC" name="com.packt.tests.Troubleshooting" tests="1" failures="0" timestamp="03 Mar 2018 17:48:31 GMT" time="12.448" errors="0">
  <testcase name="waitTest" time="12.448" classname="com.packt.tests.Troubleshooting"/>
</testsuite> <!-- com.packt.tests.Troubleshooting -->
