<?xml version="1.0" encoding="UTF-8"?>
<!-- Generated by org.testng.reporters.JUnitReportReporter -->
<testsuite hostname="Dee-PC" name="com.packt.tests.JavaScriptErrors" tests="1" failures="0" timestamp="27 Mar 2018 19:18:30 GMT" time="6.619" errors="0">
  <testcase name="javaScriptErrorsTest" time="6.619" classname="com.packt.tests.JavaScriptErrors"/>
</testsuite> <!-- com.packt.tests.JavaScriptErrors -->
