<?xml version="1.0" encoding="UTF-8"?>
<!-- Generated by org.testng.reporters.JUnitReportReporter -->
<testsuite hostname="Dee-PC" name="com.packt.tests.FirstTest" tests="2" failures="0" timestamp="5 Mar 2018 23:10:33 GMT" time="13.051" errors="0">
  <testcase name="negativeLogInTest" time="7.137" classname="com.packt.tests.FirstTest"/>
  <testcase name="negativeLogInTest" time="5.914" classname="com.packt.tests.FirstTest"/>
</testsuite> <!-- com.packt.tests.FirstTest -->
