<?xml version="1.0" encoding="UTF-8"?>
<!-- Generated by org.testng.reporters.JUnitReportReporter -->
<testsuite hostname="Dee-PC" name="com.packt.tests.WorkWithFiles" tests="1" failures="0" timestamp="21 Mar 2018 23:16:09 GMT" time="18.277" errors="0">
  <testcase name="fileUploadTest" time="18.277" classname="com.packt.tests.WorkWithFiles"/>
</testsuite> <!-- com.packt.tests.WorkWithFiles -->
