<?xml version="1.0" encoding="UTF-8"?>
<!-- Generated by org.testng.reporters.JUnitReportReporter -->
<testsuite hostname="Dee-PC" name="com.packt.tests.FirstTest" tests="1" failures="0" timestamp="5 Mar 2018 19:48:16 GMT" time="5.804" errors="0">
  <testcase name="firstTest" time="5.804" classname="com.packt.tests.FirstTest"/>
</testsuite> <!-- com.packt.tests.FirstTest -->
