<?xml version="1.0" encoding="UTF-8"?>
<!-- Generated by org.testng.reporters.JUnitReportReporter -->
<testsuite hostname="Dee-PC" name="com.packt.tests.Troubleshooting" tests="1" failures="0" timestamp="14 Mar 2018 16:11:12 GMT" time="10.435" errors="0">
  <testcase name="staleElementTest" time="10.435" classname="com.packt.tests.Troubleshooting"/>
</testsuite> <!-- com.packt.tests.Troubleshooting -->
