<?xml version="1.0" encoding="UTF-8"?>
<!-- Generated by org.testng.reporters.JUnitReportReporter -->
<testsuite skipped="0" hostname="Dee-PC" name="com.packt.tests.FirstTest" tests="3" failures="0" timestamp="15 Mar 2018 22:49:04 GMT" time="30.352" errors="0">
  <testcase name="firstTest" time="13.067" classname="com.packt.tests.FirstTest"/>
  <testcase name="firstTest" time="6.633" classname="com.packt.tests.FirstTest"/>
  <testcase name="firstTest" time="10.652" classname="com.packt.tests.FirstTest"/>
</testsuite> <!-- com.packt.tests.FirstTest -->
