<?xml version="1.0" encoding="UTF-8"?>
<!-- Generated by org.testng.reporters.JUnitReportReporter -->
<testsuite hostname="Dee-PC" name="com.packt.tests.AdvancedInteractions" tests="1" failures="0" timestamp="19 Mar 2018 21:13:50 GMT" time="18.209" errors="0">
  <testcase name="iframeTest" time="18.209" classname="com.packt.tests.AdvancedInteractions"/>
</testsuite> <!-- com.packt.tests.AdvancedInteractions -->
