<?xml version="1.0" encoding="UTF-8"?>
<!-- Generated by org.testng.reporters.JUnitReportReporter -->
<testsuite hostname="Dee-PC" name="com.packt.tests.FirstTest" tests="3" failures="0" timestamp="14 Mar 2018 20:37:06 GMT" time="27.066" errors="0">
  <testcase name="firstTest" time="13.093" classname="com.packt.tests.FirstTest"/>
  <testcase name="firstTest" time="7.104" classname="com.packt.tests.FirstTest"/>
  <testcase name="firstTest" time="6.869" classname="com.packt.tests.FirstTest"/>
</testsuite> <!-- com.packt.tests.FirstTest -->
